
Error results for RHC
---------------------------
639.579
637.245
638.352
605.789
604.866
604.866
604.988
603.755
596.076
596.179
589.716
588.675
588.675
588.675
581.344
563.043
561.133
532.549
535.765
530.536
540.534
529.755
531.329
524.805
531.742
524.983
522.081
525.321
477.694
475.336
475.395
470.433
466.576
463.576
485.929
459.081
449.719
459.223
445.552
445.366
445.745
391.539
351.911
351.911
351.935
348.773
408.974
338.293
276.566
265.047
271.250
289.220
265.047
265.047
271.033
265.818
265.249
265.047
266.288
265.183
289.841
258.594
258.594
258.048
257.255
301.572
257.269
303.645
257.509
257.702
258.685
257.255
252.140
248.747
247.821
247.934
248.014
243.382
243.686
243.459
230.925
278.707
249.706
230.925
230.925
230.747
230.027
230.832
229.195
229.195
228.876
228.938
230.171
222.108
200.889
211.409
230.686
200.889
199.082
208.999
198.996
210.744
198.731
198.872
232.845
194.034
194.165
194.161
194.034
192.248
192.276
192.248
192.295
192.146
192.014
190.064
187.482
186.877
186.877
187.575
186.863
186.801
187.291
186.908
186.806
186.219
187.066
185.548
185.049
185.069
184.931
185.072
183.310
182.948
185.428
184.374
182.948
207.670
183.363
183.000
183.453
182.948
185.658
168.936
167.749
167.760
167.811
167.771
167.736
167.805
167.736
168.412
167.966
167.731
167.730
167.529
167.534
167.526
167.692
167.527
167.862
167.619
167.524
167.494
167.494
167.498
167.505
167.290
167.402
167.400
167.046
167.046
167.051
166.928
166.471
166.476
166.733
166.479
172.815
166.471
166.458
166.149
166.264
168.828
166.173
165.911
165.908
165.895
166.122
165.892
165.880
165.881
167.073
166.741
165.874
165.883
165.791
165.810
165.845
165.979
165.791
165.791
165.582
165.587
165.576
165.891
165.576
165.576
165.576
166.078
165.565
165.628
165.567
165.549
165.548
165.521
166.731
165.521
167.682
166.428
165.533
165.522
165.521
165.522
166.158
165.888
165.521
165.536
165.522
168.227
165.526
165.518
165.517
167.038
165.517
165.704
165.508
165.508
165.504
165.504
165.504
165.647
165.503
165.503
165.503
167.227
165.455
165.436
165.438
165.431
165.428
165.410
165.411
165.412
165.411
165.409
165.417
165.418
165.409
165.402
165.390
165.416
165.386
165.362
165.384
165.333
165.330
165.310
165.307
168.347
165.302
165.302
165.298
168.685
166.026
165.293
165.298
165.305
165.280
165.280
165.277
165.341
164.792
164.810
164.724
164.724
164.783
164.729
164.724
164.720
164.842
164.721
164.720
164.725
164.711
164.707
164.699
164.701
164.698
164.697
164.701
164.697
164.750
164.857
164.533
164.996
164.555
164.532
164.531
164.648
164.512
164.506
164.506
164.505
169.146
164.506
164.137
164.171
164.158
164.138
164.136
164.136
164.135
164.095
164.065
163.289
163.289
163.290
163.273
163.273
163.266
163.266
163.267
163.275
163.266
159.886
159.817
159.817
161.346
159.817
159.817
159.751
159.568
160.767
159.547
161.353
159.551
159.628
160.904
159.973
159.273
159.271
160.277
159.317
159.269
159.280
159.225
158.293
158.106
158.106
159.346
158.105
158.106
158.065
157.934
159.681
158.107
162.948
158.146
157.855
157.855
157.261
158.242
157.244
157.243
160.136
157.852
158.054
157.242
157.242
157.242
157.367
157.243
157.284
157.268
157.242
157.242
160.210
157.241
157.420
157.241
157.243
160.102
157.241
156.529
156.530
156.584
156.529
156.580
156.527
156.610
156.508
156.625
156.509
156.412
156.401
156.612
156.513
156.401
160.061
155.744
155.722
155.722
155.722
160.539
155.558
155.518
155.518
155.576
155.518
155.518
161.256
155.519
156.069
155.591
155.530
155.518
155.520
155.518
155.375
155.376
155.392
155.605
155.375
155.375
155.375
155.381
155.375
155.348
155.370
155.326
155.333
155.318
154.832
154.832
154.832
154.824
154.818
155.105
154.680
154.660
154.661
154.660
154.564
156.582
154.564
154.564
154.586
154.572
154.552
154.557
153.007
153.007
151.892
151.892
151.780
155.279
151.780
151.780
151.780
151.767
152.467
151.831
151.767
151.767
151.767
151.754
151.754
151.754
151.755
151.442
151.442
151.442
152.080
152.787
151.442
151.497
151.442
157.808
151.442
151.442
151.468
151.442
151.433
151.433
151.620
151.433
151.433
155.832
151.185
151.185
151.178
152.097
151.178
151.178
152.519
151.163
151.163
151.162
151.163
151.162
151.157
151.157
151.124
151.124
151.124
151.124
151.124
151.071
151.100
151.071
152.240
149.979
150.018
149.984
149.965
149.965
149.977
151.789
150.273
149.982
149.965
151.265
149.965
149.965
149.965
149.965
149.965
149.988
149.965
149.965
149.965
149.965
149.957
149.957
149.957
150.120
149.957
149.957
149.957
149.957
149.957
149.957
149.957
149.956
150.009
149.956
170.230
150.251
150.262
149.956
149.956
149.957
149.884
149.835
149.835
149.835
149.835
149.835
149.835
149.829
149.829
149.829
150.588
149.829
150.469
150.363
149.826
149.763
150.287
149.501
149.501
149.501
149.501
149.501
149.501
149.940
148.878
148.878
149.691
148.878
148.994
148.823
148.833
148.823
148.823
148.823
148.369
150.283
148.369
149.393
148.997
148.369
148.657
148.369
149.809
148.369
148.369
148.472
147.295
149.096
147.302
147.295
148.113
148.099
147.155
147.155
147.155
147.155
147.150
147.176
147.150
147.150
147.150
147.150
147.150
147.150
147.150
149.689
146.949
147.189
146.949
146.949
148.148
168.500
146.949
146.949
146.949
146.949
146.962
146.949
147.024
148.097
146.949
147.041
146.949
146.977
146.949
146.949
150.231
146.949
146.949
150.845
146.949
147.083
146.949
148.153
146.816
146.765
149.273
146.905
146.765
150.117
146.765
146.765
146.765
146.765
146.765
146.765
146.765
146.804
147.936
146.882
146.771
146.717
147.846
146.877
146.952
146.727
148.484
146.549
146.517
148.977
146.517
146.517
149.434
146.701
146.682
146.684
153.191
147.368
146.517
150.516
147.777
150.025
146.517
147.869
146.517
147.054
146.517
146.517
146.900
146.517
146.525
146.517
146.544
147.161
150.172
146.675
146.517
146.395
147.637
146.552
147.854
147.826
146.444
146.395
146.395
146.395
146.620
146.428
146.395
146.395
146.395
146.786
146.395
146.476
146.400
146.395
148.889
146.395
146.386
148.292
146.386
146.960
147.021
146.386
146.407
146.505
146.386
146.386
146.386
146.386
146.386
146.426
146.386
146.386
146.386
146.575
146.386
146.378
145.873
145.873
145.882
145.873
146.045
145.948
145.873
164.570
145.873
158.142
146.849
145.873
145.873
145.873
145.873
148.471
145.873
145.873
145.873
145.873
145.873
146.907
145.571
145.927
145.571
145.571
146.006
146.209
145.571
145.571
145.571
145.435
145.435
147.788
193.602
147.399
150.491
145.435
145.915
145.242
145.352
144.963
145.988
145.043
144.963
145.028
145.452
144.963
144.928
144.928
145.876
144.928
145.068
144.928
144.928
144.485
157.835
144.485
144.485
144.485
144.919
144.655
144.885
144.485
144.485
144.485
144.849
144.485
144.588
144.828
145.135
144.485
144.485
145.476
144.485
144.113
143.795
143.795
143.801
143.795
146.086
143.415
143.775
143.415
146.303
148.741
143.815
143.415
143.415
144.054
143.715
143.415
143.768
143.235
144.728
144.083
143.235
143.235
143.235
144.178
143.101
142.300
142.300
142.300
142.607
142.298
142.302
142.298
142.298
142.490
142.443
153.314
142.289
145.456
142.285
142.285
142.285
144.149
154.431
142.285
142.269
142.249
142.548
142.249
143.021
142.913
144.572
142.249
164.141
144.472
142.362
142.249
142.249
142.249
142.249
142.247
142.024
142.799
142.024
141.815
141.338
141.338
142.028
141.338
141.338
141.338
141.338
141.304
141.304
141.304
142.048
141.556
140.677
140.818
140.596
140.596
140.596
142.313
140.596
140.443
139.989
152.824
139.989
139.989
139.986
140.207
139.986
158.537
159.245
139.986
140.815
141.071
140.019
147.635
139.974
139.974
140.868
140.281
139.950
139.950
144.046
139.950
142.738
139.878
139.886
143.444
139.878
139.958
139.912
140.580
140.036
139.873
160.295
139.873
142.211
258.560
142.286
139.873
139.873
139.873
142.872
139.873
140.062
141.853
140.390
142.250
140.456
140.041
140.806
141.118
139.873
139.873
139.873
143.602
139.873
139.841
139.841
139.841
139.841
139.829
141.688
138.921
138.921
138.886
138.886
138.594
140.862
138.594
138.809
139.260
149.231
138.594
138.594
138.594
138.594
140.280
138.594
138.594
138.594
248.346
138.593
138.593
139.605
138.593
140.418
152.089
138.593
138.593
138.593

Error results for SA
---------------------------
706.047
706.047
707.255
758.728
782.977
777.126
804.087
807.683
820.016
789.059
803.865
775.104
775.104
775.104
775.104
770.832
772.789
755.988
768.379
810.296
836.341
835.170
839.124
839.124
907.609
913.095
892.675
894.600
877.918
865.157
869.637
843.337
849.591
868.524
873.265
936.928
933.251
931.546
987.915
943.985
950.238
989.074
970.006
964.084
981.869
907.661
886.029
890.781
888.115
869.094
867.579
884.580
894.806
919.257
919.257
917.731
917.706
922.453
924.227
924.227
924.227
847.731
835.388
831.988
710.839
686.873
702.668
601.450
586.324
610.201
698.479
698.479
720.026
619.933
616.921
613.543
598.628
606.100
607.953
587.968
571.601
521.182
494.395
458.023
462.698
464.394
470.693
485.286
520.519
524.796
527.653
599.101
595.265
588.999
578.971
573.762
563.063
563.288
618.580
610.617
629.940
682.438
684.320
707.384
707.384
707.384
715.107
717.874
717.488
723.396
722.466
723.174
725.831
717.208
705.287
743.676
731.385
730.982
729.644
728.965
727.924
744.300
744.300
749.112
737.539
724.701
724.629
725.981
725.981
728.610
753.795
756.404
756.404
770.647
768.791
773.273
775.245
768.602
767.708
764.042
791.949
831.154
831.193
831.193
835.593
848.130
845.649
865.493
865.762
865.212
867.226
880.648
882.788
882.788
881.633
886.887
879.044
877.674
879.514
887.207
887.207
866.528
865.778
870.142
879.364
915.551
898.127
898.127
886.067
894.276
896.490
896.490
890.107
891.966
888.924
891.191
874.112
907.104
935.888
1082.726
1080.273
1103.566
1102.693
1099.608
1099.608
1099.608
1106.030
1111.845
1108.820
1169.858
1162.834
1160.543
1183.838
1216.965
1224.137
1226.934
1226.934
1226.091
1226.091
1229.150
1219.547
1219.547
1220.211
1220.211
1220.221
1194.451
1098.998
1093.597
1093.597
1271.327
1118.019
1042.607
1038.017
1009.975
1011.282
1022.748
1010.154
978.401
925.815
1006.887
971.462
949.377
949.377
796.853
860.454
853.621
852.130
865.969
871.816
825.036
806.600
806.600
806.600
806.046
852.981
850.359
847.186
847.186
816.917
821.528
998.886
996.769
997.496
998.822
995.893
995.893
1012.817
1019.238
1078.923
1074.795
1061.180
1061.180
1060.510
1190.029
1190.884
1190.884
1211.657
1211.657
1211.657
1214.688
1196.742
1220.670
1200.973
1188.409
1178.463
1171.770
1160.426
1171.381
1170.685
1152.522
1137.004
1333.289
1315.869
1298.179
1298.179
1296.764
1339.969
1338.969
1390.085
1394.720
1398.003
1401.913
1401.913
1332.736
1295.880
1278.923
1233.036
1233.036
1237.936
1239.563
1229.233
1229.233
1235.376
1233.264
1235.567
1150.145
1160.188
1162.138
1192.046
1197.073
1197.073
1177.502
1181.153
1122.720
1098.216
1098.216
1088.043
1088.043
1088.043
1086.045
1117.245
1231.669
1248.367
1237.475
1235.272
1236.931
1236.931
1249.106
1226.970
1261.735
1270.344
1469.555
1460.974
1453.956
1460.198
1469.292
1535.110
1536.685
1536.685
1507.836
1505.029
1429.848
1445.045
1449.642
1448.685
1451.075
1488.154
1479.592
1473.207
1482.625
1523.394
1528.775
1527.654
1487.023
1484.233
1484.233
1480.887
1484.789
1427.322
1417.361
1416.520
1416.551
1427.138
1447.242
1447.242
1430.387
1438.908
1428.772
1427.096
1449.161
1437.960
1410.144
1412.033
1412.033
1409.404
1417.046
1384.817
1398.356
1404.723
1409.217
1542.744
1562.268
1547.739
1547.992
1542.022
1423.519
1440.081
1439.234
1439.234
1436.965
1437.619
1428.993
1421.081
1498.494
1493.580
1493.865
1504.139
1485.851
1485.851
1469.095
1476.354
1491.072
1515.515
1564.080
1565.275
1567.714
1567.714
1567.683
1492.226
1506.350
1507.853
1510.112
1510.112
1510.841
1506.668
1502.978
1506.152
1499.412
1490.497
1500.036
1500.036
1516.961
1516.961
1515.193
1526.259
1526.259
1504.746
1507.495
1516.908
1526.147
1526.147
1543.905
1541.500
1550.904
1548.113
1548.113
1548.113
1550.167
1544.627
1627.667
1616.233
1654.093
1662.624
1604.571
1599.162
1577.054
1614.388
1614.388
1600.325
1598.375
1600.838
1598.689
1598.553
1629.236
1667.471
1666.141
1599.701
1598.794
1599.250
1575.553
1573.733
1579.794
1579.794
1579.794
1579.017
1572.172
1576.779
1608.881
1607.362
1611.694
1613.211
1621.620
1560.285
1552.932
1549.404
1535.608
1535.608
1537.634
1544.506
1563.782
1565.730
1559.417
1558.066
1569.020
1564.149
1546.576
1544.826
1547.377
1547.377
1599.291
1599.291
1596.552
1591.247
1646.862
1645.958
1631.653
1649.041
1711.406
1705.983
1701.789
1711.854
1711.854
1706.588
1692.015
1687.597
1700.083
1699.305
1707.317
1745.057
1745.500
1744.030
1741.734
1741.850
1750.118
1751.758
1751.758
1754.500
1754.715
1765.114
1760.050
1740.991
1753.851
1746.099
1705.027
1703.970
1703.970
1713.483
1714.420
1723.086
1726.253
1725.594
1671.605
1691.349
1655.877
1655.705
1660.228
1660.064
1660.694
1610.521
1610.521
1602.806
1535.086
1535.086
1461.057
1465.694
1460.155
1418.940
1418.753
1430.996
1431.563
1439.775
1436.805
1436.805
1429.718
1412.668
1408.531
1420.405
1415.432
1402.382
1431.067
1453.935
1464.031
1465.752
1455.773
1458.750
1454.110
1422.862
1417.491
1433.671
1465.605
1456.922
1457.127
1457.351
1457.296
1457.296
1473.217
1455.947
1455.932
1532.858
1540.478
1539.745
1505.561
1502.253
1472.968
1472.447
1472.726
1472.726
1519.826
1509.767
1519.260
1528.302
1510.909
1500.584
1503.317
1504.420
1519.776
1534.957
1534.957
1522.662
1563.823
1565.650
1546.880
1531.197
1491.572
1488.100
1537.712
1574.602
1576.437
1576.437
1591.177
1589.305
1590.916
1594.250
1591.971
1615.457
1615.457
1615.850
1612.087
1585.529
1598.539
1598.539
1598.539
1600.247
1622.505
1622.505
1629.414
1638.872
1640.095
1623.928
1622.363
1660.369
1659.996
1666.849
1666.849
1660.125
1660.125
1587.719
1587.719
1588.063
1589.058
1585.415
1585.880
1560.333
1569.221
1567.879
1573.805
1561.249
1555.096
1560.553
1555.882
1549.763
1548.335
1550.690
1555.284
1555.833
1555.833
1560.347
1597.225
1583.259
1577.997
1573.186
1561.578
1559.599
1557.276
1409.807
1351.446
1481.811
1475.049
1358.542
1358.542
1363.317
1534.552
1384.317
1391.229
1383.485
1383.485
1395.617
1251.750
1249.228
1264.612
1269.934
1272.615
1200.175
1202.400
1202.400
1215.370
1208.143
1206.365
1166.632
1179.028
1172.309
1162.536
1140.618
1121.375
1117.891
1086.146
1031.037
1002.055
1011.117
1001.798
1008.414
1028.318
1030.348
1021.806
939.660
1167.871
927.309
940.358
925.764
933.553
1061.226
980.473
934.741
934.295
934.295
944.934
932.846
938.007
948.964
943.330
862.294
862.294
851.815
851.815
866.156
851.292
857.967
1029.578
857.531
857.531
854.711
602.942
603.934
602.197
585.308
585.949
579.415
564.058
569.030
571.788
583.891
564.058
580.497
564.058
731.838
566.272
564.479
562.911
565.845
579.369
562.144
577.776
556.308
556.700
560.345
554.481
509.240
509.240
518.595
509.240
518.246
509.240
513.206
516.895
426.276
427.179
454.026
399.157
535.156
399.157
396.533
395.059
393.972
389.747
396.125
390.175
393.645
396.284
389.747
387.724
388.586
387.817
388.778
378.028
378.379
381.602
370.000
368.787
345.703
346.730
345.703
346.153
289.413
282.588
283.018
276.949
269.426
268.996
268.996
269.262
275.438
260.553
251.945
251.945
252.983
271.732
253.238
256.299
251.289
256.623
253.252
235.539
232.601
234.613
251.261
228.501
231.233
229.711
229.437
229.022
238.866
223.257
225.766
216.570
248.708
235.461
216.134
215.170
209.884
209.884
208.747
233.418
198.012
224.472
197.661
197.661
200.782
196.411
196.411
194.622
195.995
192.976
226.366
199.252
191.637
180.728
181.389
179.976
181.872
179.579
172.804
172.950
172.841
171.888
171.769
171.609
171.982
171.614
171.087
171.067
171.067
171.182
171.501
171.237
171.067
170.964
169.566
169.566
169.580
169.326
169.802
169.093
169.093
169.686
171.586
168.991
167.003
167.038
169.031
166.961
166.690
166.652
167.545
166.766
166.653
166.539
167.548
165.368
165.376
165.289
165.289
165.166
164.559
164.580
164.559
164.334
164.300
165.277
164.227
164.176
164.176
163.966
163.747
163.747
164.195
157.818
157.905
158.332
157.809
157.991
157.809
157.964
157.413
157.420
157.774
158.282
157.413
157.410
157.410
157.188
156.151
156.160
156.116
156.116
156.219
155.221
206.664
155.221
156.706
154.078
154.077
153.908
154.041
153.957
153.882
153.414
153.412
153.415
153.420
153.412
153.339
153.334
153.333
153.707
153.334
153.333
159.089
153.599
153.526
153.376
153.214
153.215
153.098
152.451
152.451
157.636
152.468
152.022
151.986
159.563
152.990
152.008
151.986
151.952
151.943
152.910
151.943
151.938
151.723
151.723
151.748
151.639
151.992
151.621
152.091
152.041
155.330
152.483
151.631
154.830
155.131
151.635
151.620
151.763
151.620
151.631
151.615
156.492
151.839
155.042
151.585
158.580
151.585
151.585
156.980
151.537
151.446
151.130
151.647
151.130
151.254
151.138
151.352
151.007
151.212
150.987
150.710
150.863
150.985
150.684

Error results for GA
---------------------------
631.545
514.554
335.717
466.752
347.716
276.729
289.739
246.632
290.913
248.213
325.514
299.359
342.914
379.711
315.755
243.296
361.941
404.127
284.184
267.792
295.089
283.709
268.416
261.984
263.987
306.534
206.443
447.680
247.782
291.784
331.184
234.396
280.321
435.118
238.546
247.615
218.559
199.421
232.764
244.959
268.081
213.174
215.151
229.591
220.609
192.219
184.900
201.394
194.086
188.276
269.409
206.379
179.637
184.552
188.094
196.712
175.028
173.540
191.865
179.670
173.614
171.289
184.104
170.173
173.996
192.582
183.455
180.532
187.318
176.505
170.170
174.123
181.278
192.236
173.652
182.669
187.762
174.683
171.440
179.354
173.375
180.903
179.923
167.751
177.737
189.799
173.301
170.427
175.655
174.953
172.004
192.310
210.689
173.331
179.824
173.616
170.071
168.646
174.509
178.056
187.962
204.313
170.283
186.616
167.740
183.800
168.148
168.117
170.904
168.231
176.801
166.157
168.116
176.318
170.162
174.803
173.384
167.090
168.596
169.707
176.348
172.245
171.551
171.608
167.498
168.910
170.194
168.312
168.411
168.643
168.461
168.084
167.390
168.002
170.367
171.128
167.219
168.492
168.718
167.999
169.586
170.170
170.047
167.620
169.145
170.924
174.271
167.305
168.250
167.266
168.541
170.281
168.048
170.446
168.460
166.413
168.015
168.660
169.492
171.037
167.724
169.493
169.258
168.443
174.398
167.829
170.741
167.650
173.425
166.386
179.310
167.649
179.069
173.593
168.945
166.891
169.409
167.184
169.230
165.911
165.880
180.087
169.946
173.368
168.686
172.061
167.576
168.753
175.224
167.384
168.797
170.344
171.247
176.028
165.700
166.433
169.173
168.844
164.430
165.488
168.727
167.426
167.055
170.291
165.960
166.612
167.168
166.709
168.405
170.389
166.623
168.170
166.106
168.108
166.489
166.511
166.517
166.273
166.392
171.582
168.424
218.255
168.643
180.662
167.130
169.620
170.875
165.007
165.304
168.338
167.895
170.364
171.249
167.384
166.980
167.173
167.156
165.806
166.555
168.625
175.968
168.895
169.055
169.659
168.137
170.973
169.130
168.350
175.619
166.554
179.762
171.126
172.509
168.335
171.210
170.989
168.223
164.754
169.251
166.440
167.839
209.442
170.096
166.880
166.556
171.663
165.136
167.946
164.586
167.594
170.356
167.152
169.197
167.761
168.133
164.665
163.611
166.014
165.272
168.089
164.995
169.544
165.728
168.585
166.331
168.254
168.784
169.553
170.994
163.820
168.091
170.163
166.572
171.795
166.098
166.016
167.577
170.316
168.338
165.791
171.950
168.399
165.300
166.613
166.095
168.527
165.441
166.835
171.238
177.747
168.061
167.270
163.771
168.216
167.578
167.606
167.743
167.570
166.933
178.391
165.678
173.591
165.876
172.594
164.998
168.968
166.077
167.303
166.390
168.404
166.656
170.541
164.578
167.448
165.060
165.393
166.738
166.530
167.375
166.438
171.757
164.834
165.242
165.138
166.522
165.930
165.167
167.810
165.903
165.897
167.266
166.183
166.222
165.797
166.061
165.356
165.173
168.034
166.925
167.982
163.985
166.963
163.782
166.182
166.478
167.495
168.524
164.775
165.321
164.067
164.943
165.484
166.125
164.593
168.508
166.660
165.194
165.860
166.775
164.498
165.352
165.234
165.412
164.327
167.911
164.639
163.931
166.844
165.357
166.362
165.291
166.081
165.311
165.586
164.959
164.873
164.400
166.940
166.962
164.155
166.579
166.616
161.688
164.368
165.212
165.662
167.521
165.399
164.241
164.967
166.900
165.076
166.034
160.805
166.666
165.208
164.984
164.751
165.442
163.151
165.705
165.313
164.071
162.619
168.812
169.051
165.343
165.662
165.754
165.189
168.689
165.140
170.489
164.731
165.296
163.851
166.877
168.313
167.751
168.217
166.454
164.545
166.194
162.798
164.721
165.301
166.447
169.779
165.435
166.063
165.335
164.966
167.787
166.696
166.195
165.860
167.276
166.332
166.476
165.887
165.974
164.162
165.196
165.614
164.630
163.576
163.200
164.887
166.371
165.076
165.133
163.066
167.040
164.627
165.487
164.613
166.949
167.845
163.880
164.410
163.053
165.590
163.417
163.764
167.560
163.467
165.066
165.346
164.237
165.303
166.248
164.236
163.698
164.983
166.367
165.648
167.855
166.067
164.754
165.197
163.714
165.066
166.016
164.527
164.993
164.847
165.473
164.742
162.779
164.945
167.347
164.249
164.751
164.434
164.556
165.981
165.994
166.258
165.235
163.948
165.992
163.591
165.475
164.414
165.397
164.458
166.416
165.152
165.438
164.431
165.095
166.519
165.417
164.927
166.144
164.914
163.120
163.681
165.007
166.256
165.745
166.606
165.354
166.444
166.882
163.666
162.837
167.540
164.132
164.606
164.692
163.885
163.420
164.572
163.926
163.599
165.152
163.527
164.188
163.226
166.756
165.259
163.348
164.745
165.565
163.526
167.093
164.454
164.456
165.505
164.341
165.451
164.568
165.130
163.263
164.793
162.830
162.751
164.889
165.605
164.207
163.151
166.896
165.196
165.573
168.443
162.341
165.522
165.306
163.525
162.190
167.970
165.117
166.301
164.611
164.577
165.769
166.369
163.343
162.566
165.460
165.362
163.782
163.796
164.052
165.464
164.116
163.653
163.316
163.241
164.705
164.153
164.592
167.174
165.211
163.747
163.810
162.491
163.402
165.104
162.986
165.177
167.279
165.256
164.351
165.217
163.429
164.266
164.995
162.325
163.885
164.885
164.210
164.626
164.204
163.431
163.099
165.779
171.378
163.812
164.602
164.038
173.316
165.801
165.802
164.684
162.249
165.032
169.130
165.560
164.609
166.010
166.961
174.830
163.106
162.515
163.527
165.016
163.824
166.966
165.300
166.963
166.768
160.802
164.270
179.192
164.364
170.147
163.576
166.253
166.428
162.630
163.890
166.507
165.602
166.663
168.050
164.034
164.723
166.679
164.474
169.824
164.366
164.929
164.507
170.451
166.567
164.258
165.841
167.007
169.456
178.882
164.543
164.852
166.675
166.707
165.307
165.644
167.040
166.662
164.983
167.776
165.946
165.398
166.276
166.993
168.010
168.185
163.040
166.690
163.352
167.065
166.323
165.460
167.304
164.359
167.829
169.176
166.193
167.044
167.945
173.845
165.493
163.760
164.758
166.232
167.282
167.933
164.964
163.621
166.165
166.528
164.591
168.248
164.376
162.442
162.349
163.623
165.917
166.973
167.063
164.820
164.873
169.851
169.691
165.563
165.199
164.478
167.157
164.741
166.275
166.798
166.010
163.967
167.212
163.839
170.542
166.448
164.952
168.719
166.304
176.906
166.406
163.131
165.732
165.666
164.498
167.546
165.824
167.525
165.579
163.905
164.378
167.030
173.347
167.805
165.748
165.964
169.040
165.528
162.444
164.967
164.374
166.359
167.186
164.140
162.976
165.498
167.076
166.654
164.772
169.289
168.637
165.626
167.313
165.320
168.915
160.318
166.665
165.509
166.624
165.278
165.732
166.547
165.454
165.589
166.031
169.589
166.452
166.651
165.124
164.846
165.791
169.498
168.516
163.826
166.611
161.526
165.953
166.686
166.232
168.528
165.282
165.634
164.601
168.683
162.649
166.683
167.233
174.941
162.203
166.653
165.582
165.259
163.777
166.836
167.338
166.805
164.484
164.583
165.800
165.742
164.502
162.529
161.829
164.943
163.696
162.570
163.552
162.203
161.304
161.385
166.413
162.909
164.537
167.423
166.905
164.153
165.669
162.374
163.255
162.690
162.922
165.690
168.247
167.045
162.341
165.031
163.017
165.332
166.346
165.515
160.814
159.815
165.643
161.328
162.033
161.272
162.382
164.229
164.546
164.156
164.043
163.772
173.209
162.166
160.748
162.782
162.750
164.794
162.597
165.861
161.039
164.503
161.932
164.798
162.277
164.598
161.136
164.207
162.155
163.565
160.637
164.956
162.832
162.481
164.308
165.300
162.502
163.042
163.268
161.198
159.958
165.021
162.447
163.332
161.100
160.424
160.811
162.943
164.121
161.927
162.147
163.020
162.581
162.852
161.205
161.342
162.510
166.164
161.827
161.250
162.052
163.098
162.610
163.199
160.782
160.216
161.524
163.869
160.794
161.152
161.136
162.818
163.818
162.828
161.267
162.616
167.056
162.767
185.219
161.310
164.376
161.213
164.405
161.632
161.767
166.355
161.804
161.645
162.803
160.958
161.929
160.030
161.089
161.446
161.869
160.364
160.444
160.025
161.137
161.759
159.703
161.422
161.211
161.557
163.699
162.096
160.356
161.957
162.250
161.112
161.410
161.748
161.715
161.429
161.665
163.081
161.177
160.781
160.977
160.683
163.327
161.458
161.715
161.164
160.766
160.028
168.106
160.860

Results for RHC:
Correctly classified 3833 instances.
Incorrectly classified 344 instances.
Percent correctly classified: 91.764%
Training time: 15.224 seconds
Testing time: 0.015 seconds

Results for SA:
Correctly classified 3815 instances.
Incorrectly classified 362 instances.
Percent correctly classified: 91.333%
Training time: 15.223 seconds
Testing time: 0.011 seconds

Results for GA:
Correctly classified 3813 instances.
Incorrectly classified 364 instances.
Percent correctly classified: 91.286%
Training time: 192.908 seconds
Testing time: 0.019 seconds
