Randomized Hill Climbing
25000 iterations: 66.0
50000 iterations: 69.0
75000 iterations: 65.0
100000 iterations: 65.0
125000 iterations: 66.0
150000 iterations: 60.0
175000 iterations: 64.0
200000 iterations: 66.0
225000 iterations: 65.0
250000 iterations: 67.0
Simulated Annealing
initial temp: 100000.000000, cooling: 0.900000, value: 79.0
initial temp: 100000.000000, cooling: 0.950000, value: 79.0
initial temp: 100000.000000, cooling: 0.990000, value: 79.0
initial temp: 100000.000000, cooling: 0.999000, value: 79.0
initial temp: 100000000.000000, cooling: 0.900000, value: 79.0
initial temp: 100000000.000000, cooling: 0.950000, value: 79.0
initial temp: 100000000.000000, cooling: 0.990000, value: 79.0
initial temp: 100000000.000000, cooling: 0.999000, value: 79.0
initial temp: 10000000000.000000, cooling: 0.900000, value: 79.0
initial temp: 10000000000.000000, cooling: 0.950000, value: 79.0
initial temp: 10000000000.000000, cooling: 0.990000, value: 79.0
initial temp: 10000000000.000000, cooling: 0.999000, value: 78.0
initial temp: 1000000000000.000000, cooling: 0.900000, value: 79.0
initial temp: 1000000000000.000000, cooling: 0.950000, value: 79.0
initial temp: 1000000000000.000000, cooling: 0.990000, value: 79.0
initial temp: 1000000000000.000000, cooling: 0.999000, value: 78.0
initial temp: 1000000000000000.000000, cooling: 0.900000, value: 79.0
initial temp: 1000000000000000.000000, cooling: 0.950000, value: 78.0
initial temp: 1000000000000000.000000, cooling: 0.990000, value: 79.0
initial temp: 1000000000000000.000000, cooling: 0.999000, value: 79.0
best temp: 100000.000000, cooling: 0.900000
25000 iterations: 79.0
50000 iterations: 79.0
75000 iterations: 78.0
100000 iterations: 79.0
125000 iterations: 79.0
150000 iterations: 78.0
175000 iterations: 78.0
200000 iterations: 79.0
225000 iterations: 79.0
250000 iterations: 79.0
Genetic Algorithm
population: 150, mates: 50, mutations: 10, value: 69.0
population: 150, mates: 50, mutations: 20, value: 69.0
population: 150, mates: 50, mutations: 30, value: 72.0
population: 150, mates: 100, mutations: 10, value: 73.0
population: 150, mates: 100, mutations: 20, value: 72.0
population: 150, mates: 100, mutations: 30, value: 70.0
population: 150, mates: 150, mutations: 10, value: 74.0
population: 150, mates: 150, mutations: 20, value: 69.0
population: 150, mates: 150, mutations: 30, value: 69.0
population: 200, mates: 50, mutations: 10, value: 70.0
population: 200, mates: 50, mutations: 20, value: 71.0
population: 200, mates: 50, mutations: 30, value: 70.0
population: 200, mates: 100, mutations: 10, value: 72.0
population: 200, mates: 100, mutations: 20, value: 73.0
population: 200, mates: 100, mutations: 30, value: 71.0
population: 200, mates: 150, mutations: 10, value: 68.0
population: 200, mates: 150, mutations: 20, value: 71.0
population: 200, mates: 150, mutations: 30, value: 71.0
population: 250, mates: 50, mutations: 10, value: 73.0
population: 250, mates: 50, mutations: 20, value: 72.0
population: 250, mates: 50, mutations: 30, value: 70.0
population: 250, mates: 100, mutations: 10, value: 71.0
population: 250, mates: 100, mutations: 20, value: 73.0
population: 250, mates: 100, mutations: 30, value: 69.0
population: 250, mates: 150, mutations: 10, value: 74.0
population: 250, mates: 150, mutations: 20, value: 69.0
population: 250, mates: 150, mutations: 30, value: 71.0
best population: 150, mates: 150, mutations: 10
500 iterations: 69.0
1000 iterations: 70.0
1500 iterations: 73.0
2000 iterations: 66.0
2500 iterations: 71.0
3000 iterations: 71.0
3500 iterations: 75.0
4000 iterations: 73.0
4500 iterations: 74.0
5000 iterations: 74.0
MIMIC
samples: 100, toKeep: 2, value: 74.0
samples: 100, toKeep: 4, value: 72.0
samples: 100, toKeep: 8, value: 73.0
samples: 100, toKeep: 16, value: 69.0
samples: 150, toKeep: 2, value: 72.0
samples: 150, toKeep: 4, value: 74.0
samples: 150, toKeep: 8, value: 75.0
samples: 150, toKeep: 16, value: 70.0
samples: 200, toKeep: 2, value: 74.0
samples: 200, toKeep: 4, value: 72.0
samples: 200, toKeep: 8, value: 71.0
samples: 200, toKeep: 16, value: 70.0
samples: 250, toKeep: 2, value: 71.0
samples: 250, toKeep: 4, value: 72.0
samples: 250, toKeep: 8, value: 73.0
samples: 250, toKeep: 16, value: 73.0
samples: 300, toKeep: 2, value: 70.0
samples: 300, toKeep: 4, value: 74.0
samples: 300, toKeep: 8, value: 73.0
samples: 300, toKeep: 16, value: 69.0
best samples: 150, toKeep: 8
250 iterations: 69.0
500 iterations: 72.0
750 iterations: 75.0
1000 iterations: 73.0
1250 iterations: 72.0
1500 iterations: 74.0
1750 iterations: 73.0
2000 iterations: 77.0
2250 iterations: 76.0
2500 iterations: 73.0
