Randomized Hill Climbing
25000 iterations: 15872.82916033726 (30ms)
50000 iterations: 16164.719647064572 (24ms)
75000 iterations: 16573.680375602537 (30ms)
100000 iterations: 16361.119536006716 (78ms)
125000 iterations: 15757.313959055755 (97ms)
150000 iterations: 15764.42518552681 (104ms)
175000 iterations: 16403.353767534078 (69ms)
200000 iterations: 15815.011701172833 (109ms)
225000 iterations: 15793.823421986175 (113ms)
250000 iterations: 15870.835006950776 (132ms)
Simulated Annealing
initial temp: 100000.000000, cooling: 0.900000, value: 16158.11781605419
initial temp: 100000.000000, cooling: 0.950000, value: 16128.368858909042
initial temp: 100000.000000, cooling: 0.990000, value: 16827.494923209
initial temp: 100000.000000, cooling: 0.999000, value: 18272.144485463967
initial temp: 100000.000000, cooling: 0.999900, value: 19003.467688244447
initial temp: 100000000.000000, cooling: 0.900000, value: 16083.240286081922
initial temp: 100000000.000000, cooling: 0.950000, value: 15940.032202683604
initial temp: 100000000.000000, cooling: 0.990000, value: 16264.549758085108
initial temp: 100000000.000000, cooling: 0.999000, value: 18160.8952451656
initial temp: 100000000.000000, cooling: 0.999900, value: 19006.811860738937
initial temp: 10000000000.000000, cooling: 0.900000, value: 16303.975754458794
initial temp: 10000000000.000000, cooling: 0.950000, value: 15940.715209586942
initial temp: 10000000000.000000, cooling: 0.990000, value: 16103.27117334341
initial temp: 10000000000.000000, cooling: 0.999000, value: 18273.744294447963
initial temp: 10000000000.000000, cooling: 0.999900, value: 17615.48367381407
initial temp: 1000000000000.000000, cooling: 0.900000, value: 15979.16494010812
initial temp: 1000000000000.000000, cooling: 0.950000, value: 16647.71533011248
initial temp: 1000000000000.000000, cooling: 0.990000, value: 16535.54478497232
initial temp: 1000000000000.000000, cooling: 0.999000, value: 18204.92823419486
initial temp: 1000000000000.000000, cooling: 0.999900, value: 10438.008822864565
initial temp: 1000000000000000.000000, cooling: 0.900000, value: 15953.944732575172
initial temp: 1000000000000000.000000, cooling: 0.950000, value: 16442.857593249075
initial temp: 1000000000000000.000000, cooling: 0.990000, value: 16413.522447633248
initial temp: 1000000000000000.000000, cooling: 0.999000, value: 18009.79299664468
initial temp: 1000000000000000.000000, cooling: 0.999900, value: 9015.366219526539
best temp: 100000000.000000, cooling: 0.999900
25000 iterations: 9105.091099701865 (13ms)
50000 iterations: 10900.554458252333 (21ms)
75000 iterations: 10648.01779862942 (31ms)
100000 iterations: 9602.039056688363 (46ms)
125000 iterations: 11017.658132823426 (58ms)
150000 iterations: 16485.629555856864 (59ms)
175000 iterations: 18972.152586487784 (82ms)
200000 iterations: 18989.20764892699 (90ms)
225000 iterations: 19054.097337459745 (108ms)
250000 iterations: 18994.265290338983 (117ms)
Genetic Algorithm
population: 150, mates: 50, mutations: 10, value: 14104.981848867585
population: 150, mates: 50, mutations: 20, value: 14442.786860721395
population: 150, mates: 50, mutations: 30, value: 14487.058961767902
population: 150, mates: 100, mutations: 10, value: 14148.108059416885
population: 150, mates: 100, mutations: 20, value: 14668.856937469249
population: 150, mates: 100, mutations: 30, value: 13961.401892271168
population: 150, mates: 150, mutations: 10, value: 14145.690614024632
population: 150, mates: 150, mutations: 20, value: 14262.842096842058
population: 150, mates: 150, mutations: 30, value: 14263.173391620632
population: 200, mates: 50, mutations: 10, value: 14194.559045802387
population: 200, mates: 50, mutations: 20, value: 15356.254385906817
population: 200, mates: 50, mutations: 30, value: 14377.778229010606
population: 200, mates: 100, mutations: 10, value: 14990.536952888526
population: 200, mates: 100, mutations: 20, value: 14932.880346595497
population: 200, mates: 100, mutations: 30, value: 15217.198146324667
population: 200, mates: 150, mutations: 10, value: 14651.593120971145
population: 200, mates: 150, mutations: 20, value: 14659.065656500632
population: 200, mates: 150, mutations: 30, value: 14698.59277820506
population: 250, mates: 50, mutations: 10, value: 15221.367277082334
population: 250, mates: 50, mutations: 20, value: 15276.06453780041
population: 250, mates: 50, mutations: 30, value: 14757.805819003743
population: 250, mates: 100, mutations: 10, value: 14980.887867287616
population: 250, mates: 100, mutations: 20, value: 15340.68505355198
population: 250, mates: 100, mutations: 30, value: 15682.059346698672
population: 250, mates: 150, mutations: 10, value: 15924.811104857354
population: 250, mates: 150, mutations: 20, value: 15589.812195132945
population: 250, mates: 150, mutations: 30, value: 15300.705692718926
best population: 250, mates: 150, mutations: 10
5000 iterations: 15628.6186204602 (2323ms)
10000 iterations: 15706.1391268594 (4712ms)
15000 iterations: 17228.73193516623 (6411ms)
20000 iterations: 16443.09448879843 (8704ms)
