Randomized Hill Climbing
25000 iterations: 0.9998433250151273 (21ms)
50000 iterations: 0.9657767248228444 (18ms)
75000 iterations: 0.9874457808369176 (22ms)
100000 iterations: 0.9998433250151273 (20ms)
125000 iterations: 0.9874457808369176 (31ms)
150000 iterations: 0.9874457808369176 (71ms)
175000 iterations: 0.9564033460276342 (63ms)
200000 iterations: 0.909721840267583 (56ms)
225000 iterations: 0.9564033460276342 (83ms)
250000 iterations: 0.9998433250151273 (54ms)
Simulated Annealing
initial temp: 100000.000000, cooling: 0.900000, value: 0.9874457808369176
initial temp: 100000.000000, cooling: 0.950000, value: 0.9998433250151273
initial temp: 100000.000000, cooling: 0.990000, value: 0.909721840267583
initial temp: 100000.000000, cooling: 0.999000, value: 0.9998433250151273
initial temp: 100000000.000000, cooling: 0.900000, value: 0.9998433250151273
initial temp: 100000000.000000, cooling: 0.950000, value: 0.9923745526637894
initial temp: 100000000.000000, cooling: 0.990000, value: 0.9564033460276342
initial temp: 100000000.000000, cooling: 0.999000, value: 0.9874457808369176
initial temp: 10000000000.000000, cooling: 0.900000, value: 0.9923745526637894
initial temp: 10000000000.000000, cooling: 0.950000, value: 0.9874457808369176
initial temp: 10000000000.000000, cooling: 0.990000, value: 0.9923745526637894
initial temp: 10000000000.000000, cooling: 0.999000, value: 0.9923745526637894
initial temp: 1000000000000.000000, cooling: 0.900000, value: 0.9998433250151273
initial temp: 1000000000000.000000, cooling: 0.950000, value: 0.9998433250151273
initial temp: 1000000000000.000000, cooling: 0.990000, value: 0.9564033460276342
initial temp: 1000000000000.000000, cooling: 0.999000, value: 0.9923745526637894
initial temp: 1000000000000000.000000, cooling: 0.900000, value: 0.909721840267583
initial temp: 1000000000000000.000000, cooling: 0.950000, value: 0.9564033460276342
initial temp: 1000000000000000.000000, cooling: 0.990000, value: 0.909721840267583
initial temp: 1000000000000000.000000, cooling: 0.999000, value: 0.9564033460276342
best temp: 100000.000000, cooling: 0.950000
25000 iterations: 0.9923745526637894 (14ms)
50000 iterations: 0.9564033460276342 (33ms)
75000 iterations: 0.9998433250151273 (53ms)
100000 iterations: 0.9564033460276342 (72ms)
125000 iterations: 0.9874457808369176 (94ms)
150000 iterations: 0.9874457808369176 (104ms)
175000 iterations: 0.9874457808369176 (114ms)
200000 iterations: 0.9923745526637894 (133ms)
225000 iterations: 0.9063785872791176 (143ms)
250000 iterations: 0.9564033460276342 (154ms)
Genetic Algorithm
population: 150, mates: 50, mutations: 10, value: 0.9874457808369176
population: 150, mates: 50, mutations: 20, value: 0.9998433250151273
population: 150, mates: 50, mutations: 30, value: 0.9998433250151273
population: 150, mates: 100, mutations: 10, value: 0.9998433250151273
population: 150, mates: 100, mutations: 20, value: 0.9998433250151273
population: 150, mates: 100, mutations: 30, value: 0.9998433250151273
population: 150, mates: 150, mutations: 10, value: 0.9998433250151273
population: 150, mates: 150, mutations: 20, value: 0.9998433250151273
population: 150, mates: 150, mutations: 30, value: 0.9998433250151273
population: 200, mates: 50, mutations: 10, value: 0.9998433250151273
population: 200, mates: 50, mutations: 20, value: 0.9998433250151273
population: 200, mates: 50, mutations: 30, value: 0.9998433250151273
population: 200, mates: 100, mutations: 10, value: 0.9874457808369176
population: 200, mates: 100, mutations: 20, value: 0.9998433250151273
population: 200, mates: 100, mutations: 30, value: 0.9998433250151273
population: 200, mates: 150, mutations: 10, value: 0.9998433250151273
population: 200, mates: 150, mutations: 20, value: 0.9998433250151273
population: 200, mates: 150, mutations: 30, value: 0.9998433250151273
population: 250, mates: 50, mutations: 10, value: 0.9998433250151273
population: 250, mates: 50, mutations: 20, value: 0.9998433250151273
population: 250, mates: 50, mutations: 30, value: 0.9998433250151273
population: 250, mates: 100, mutations: 10, value: 0.9874457808369176
population: 250, mates: 100, mutations: 20, value: 0.9998433250151273
population: 250, mates: 100, mutations: 30, value: 0.9998433250151273
population: 250, mates: 150, mutations: 10, value: 0.9998433250151273
population: 250, mates: 150, mutations: 20, value: 0.9998433250151273
population: 250, mates: 150, mutations: 30, value: 0.9998433250151273
best population: 150, mates: 50, mutations: 20
5000 iterations: 0.9998433250151273 (392ms)
10000 iterations: 0.9998433250151273 (886ms)
15000 iterations: 0.9998433250151273 (1293ms)
20000 iterations: 0.9998433250151273 (1845ms)
25000 iterations: 0.9998433250151273 (2247ms)
30000 iterations: 0.9998433250151273 (2611ms)
35000 iterations: 0.9998433250151273 (3197ms)
40000 iterations: 0.9998433250151273 (3449ms)
45000 iterations: 0.9998433250151273 (4061ms)
50000 iterations: 0.9998433250151273 (4252ms)
MIMIC
samples: 100, toKeep: 2, value: 0.9998433250151273
samples: 100, toKeep: 4, value: 0.9998433250151273
samples: 100, toKeep: 8, value: 0.9998433250151273
samples: 100, toKeep: 16, value: 0.9998433250151273
samples: 150, toKeep: 2, value: 0.9998433250151273
samples: 150, toKeep: 4, value: 0.9998433250151273
samples: 150, toKeep: 8, value: 0.9998433250151273
samples: 150, toKeep: 16, value: 0.9998433250151273
samples: 200, toKeep: 2, value: 0.9998433250151273
samples: 200, toKeep: 4, value: 0.9998433250151273
samples: 200, toKeep: 8, value: 0.9998433250151273
samples: 200, toKeep: 16, value: 0.9998433250151273
samples: 250, toKeep: 2, value: 0.9998433250151273
samples: 250, toKeep: 4, value: 0.9998433250151273
samples: 250, toKeep: 8, value: 0.9998433250151273
samples: 250, toKeep: 16, value: 0.9998433250151273
samples: 300, toKeep: 2, value: 0.9998433250151273
samples: 300, toKeep: 4, value: 0.9998433250151273
samples: 300, toKeep: 8, value: 0.9998433250151273
samples: 300, toKeep: 16, value: 0.9998433250151273
best samples: 100, toKeep: 2
250 iterations: 0.9998433250151273 (375ms)
500 iterations: 0.9998433250151273 (715ms)
750 iterations: 0.9998433250151273 (1224ms)
1000 iterations: 0.9998433250151273 (1705ms)
1250 iterations: 0.9998433250151273 (1984ms)
1500 iterations: 0.9998433250151273 (2407ms)
1750 iterations: 0.9998433250151273 (2542ms)
2000 iterations: 0.9998433250151273 (2937ms)
2250 iterations: 0.9998433250151273 (3237ms)
2500 iterations: 0.9998433250151273 (3474ms)
